zxing/build/outputs/logs/manifest-merger-debug-report.txt
-- Merging decision tree log ---
manifest
ADDED from src\main\AndroidManifest.xml:16:1-188:12
INJECTED from src\main\AndroidManifest.xml:16:1-188:12
INJECTED from src\main\AndroidManifest.xml:16:1-188:12
INJECTED from src\main\AndroidManifest.xml:16:1-188:12
INJECTED from src\main\AndroidManifest.xml:16:1-188:12
INJECTED from src\main\AndroidManifest.xml:16:1-188:12
INJECTED from src\main\AndroidManifest.xml:16:1-188:12
	package
		ADDED from src\main\AndroidManifest.xml:17:5-46
		INJECTED from src\main\AndroidManifest.xml
		INJECTED from src\main\AndroidManifest.xml
	android:versionName
		ADDED from src\main\AndroidManifest.xml:20:5-32
		INJECTED from src\main\AndroidManifest.xml
		INJECTED from src\main\AndroidManifest.xml
	xmlns:android
		ADDED from src\main\AndroidManifest.xml:16:11-69
	android:versionCode
		ADDED from src\main\AndroidManifest.xml:19:5-29
		INJECTED from src\main\AndroidManifest.xml
		INJECTED from src\main\AndroidManifest.xml
	android:installLocation
		ADDED from src\main\AndroidManifest.xml:18:5-35
uses-permission#android.permission.CAMERA
ADDED from src\main\AndroidManifest.xml:22:5-65
	android:name
		ADDED from src\main\AndroidManifest.xml:22:22-62
uses-permission#android.permission.INTERNET
ADDED from src\main\AndroidManifest.xml:23:5-67
	android:name
		ADDED from src\main\AndroidManifest.xml:23:22-64
uses-permission#android.permission.VIBRATE
ADDED from src\main\AndroidManifest.xml:24:5-66
	android:name
		ADDED from src\main\AndroidManifest.xml:24:22-63
uses-permission#android.permission.FLASHLIGHT
ADDED from src\main\AndroidManifest.xml:25:5-69
	android:name
		ADDED from src\main\AndroidManifest.xml:25:22-66
uses-permission#android.permission.READ_CONTACTS
ADDED from src\main\AndroidManifest.xml:26:5-72
	android:name
		ADDED from src\main\AndroidManifest.xml:26:22-69
uses-permission#com.android.browser.permission.READ_HISTORY_BOOKMARKS
ADDED from src\main\AndroidManifest.xml:27:5-93
	android:name
		ADDED from src\main\AndroidManifest.xml:27:22-90
uses-permission#android.permission.WRITE_EXTERNAL_STORAGE
ADDED from src\main\AndroidManifest.xml:28:5-81
	android:name
		ADDED from src\main\AndroidManifest.xml:28:22-78
uses-permission#android.permission.CHANGE_WIFI_STATE
ADDED from src\main\AndroidManifest.xml:29:5-76
	android:name
		ADDED from src\main\AndroidManifest.xml:29:22-73
uses-permission#android.permission.ACCESS_WIFI_STATE
ADDED from src\main\AndroidManifest.xml:30:5-76
	android:name
		ADDED from src\main\AndroidManifest.xml:30:22-73
uses-feature#android.hardware.camera
ADDED from src\main\AndroidManifest.xml:34:5-36:36
	android:required
		ADDED from src\main\AndroidManifest.xml:36:9-33
	android:name
		ADDED from src\main\AndroidManifest.xml:35:9-47
uses-feature#android.hardware.camera.front
ADDED from src\main\AndroidManifest.xml:37:5-39:36
	android:required
		ADDED from src\main\AndroidManifest.xml:39:9-33
	android:name
		ADDED from src\main\AndroidManifest.xml:38:9-53
uses-feature#android.hardware.camera.autofocus
ADDED from src\main\AndroidManifest.xml:42:5-44:36
	android:required
		ADDED from src\main\AndroidManifest.xml:44:9-33
	android:name
		ADDED from src\main\AndroidManifest.xml:43:9-57
uses-feature#android.hardware.camera.flash
ADDED from src\main\AndroidManifest.xml:45:5-47:36
	android:required
		ADDED from src\main\AndroidManifest.xml:47:9-33
	android:name
		ADDED from src\main\AndroidManifest.xml:46:9-53
uses-feature#android.hardware.screen.landscape
ADDED from src\main\AndroidManifest.xml:48:5-70
	android:name
		ADDED from src\main\AndroidManifest.xml:48:19-67
uses-feature#android.hardware.wifi
ADDED from src\main\AndroidManifest.xml:49:5-51:36
	android:required
		ADDED from src\main\AndroidManifest.xml:51:9-33
	android:name
		ADDED from src\main\AndroidManifest.xml:50:9-45
uses-feature#android.hardware.touchscreen
ADDED from src\main\AndroidManifest.xml:53:5-65
	android:name
		ADDED from src\main\AndroidManifest.xml:53:19-62
supports-screens
ADDED from src\main\AndroidManifest.xml:56:5-61:40
	android:largeScreens
		ADDED from src\main\AndroidManifest.xml:58:9-36
	android:smallScreens
		ADDED from src\main\AndroidManifest.xml:60:9-36
	android:normalScreens
		ADDED from src\main\AndroidManifest.xml:59:9-37
	android:xlargeScreens
		ADDED from src\main\AndroidManifest.xml:61:9-37
	android:anyDensity
		ADDED from src\main\AndroidManifest.xml:57:9-34
application
ADDED from src\main\AndroidManifest.xml:63:5-186:19
activity#com.google.zxing.client.android.CaptureActivity
ADDED from src\main\AndroidManifest.xml:64:9-124:20
	android:screenOrientation
		ADDED from src\main\AndroidManifest.xml:68:13-49
	android:clearTaskOnLaunch
		ADDED from src\main\AndroidManifest.xml:66:13-45
	android:stateNotNeeded
		ADDED from src\main\AndroidManifest.xml:69:13-42
	android:windowSoftInputMode
		ADDED from src\main\AndroidManifest.xml:71:13-60
	android:configChanges
		ADDED from src\main\AndroidManifest.xml:67:13-63
	android:theme
		ADDED from src\main\AndroidManifest.xml:70:13-48
	android:name
		ADDED from src\main\AndroidManifest.xml:65:13-44
intent-filter#android.intent.category.DEFAULT+com.google.zxing.client.android.SCAN
ADDED from src\main\AndroidManifest.xml:72:13-75:29
action#com.google.zxing.client.android.SCAN
ADDED from src\main\AndroidManifest.xml:73:17-79
	android:name
		ADDED from src\main\AndroidManifest.xml:73:25-76
category#android.intent.category.DEFAULT
ADDED from src\main\AndroidManifest.xml:74:17-76
	android:name
		ADDED from src\main\AndroidManifest.xml:74:27-73
intent-filter#android.intent.action.VIEW+android.intent.category.BROWSABLE+android.intent.category.DEFAULT
ADDED from src\main\AndroidManifest.xml:77:13-87:29
action#android.intent.action.VIEW
ADDED from src\main\AndroidManifest.xml:78:17-69
	android:name
		ADDED from src\main\AndroidManifest.xml:78:25-66
category#android.intent.category.BROWSABLE
ADDED from src\main\AndroidManifest.xml:81:17-78
	android:name
		ADDED from src\main\AndroidManifest.xml:81:27-75
data
ADDED from src\main\AndroidManifest.xml:83:17-86:45
	android:path
		ADDED from src\main\AndroidManifest.xml:85:21-41
	android:host
		ADDED from src\main\AndroidManifest.xml:84:21-53
	android:scheme
		ADDED from src\main\AndroidManifest.xml:86:21-42
	android:mimeType
		ADDED from src\main\AndroidManifest.xml:140:23-54
activity#com.google.zxing.client.android.PreferencesActivity
ADDED from src\main\AndroidManifest.xml:125:9-128:45
	android:stateNotNeeded
		ADDED from src\main\AndroidManifest.xml:128:13-42
	android:label
		ADDED from src\main\AndroidManifest.xml:127:13-53
	android:name
		ADDED from src\main\AndroidManifest.xml:126:13-48
activity#com.google.zxing.client.android.encode.EncodeActivity
ADDED from src\main\AndroidManifest.xml:129:9-148:20
	android:stateNotNeeded
		ADDED from src\main\AndroidManifest.xml:131:13-42
	android:name
		ADDED from src\main\AndroidManifest.xml:130:13-50
intent-filter#android.intent.category.DEFAULT+com.google.zxing.client.android.ENCODE
ADDED from src\main\AndroidManifest.xml:132:13-135:29
action#com.google.zxing.client.android.ENCODE
ADDED from src\main\AndroidManifest.xml:133:17-81
	android:name
		ADDED from src\main\AndroidManifest.xml:133:25-78
intent-filter#android.intent.action.SEND+android.intent.category.DEFAULT
ADDED from src\main\AndroidManifest.xml:137:13-141:29
action#android.intent.action.SEND
ADDED from src\main\AndroidManifest.xml:138:17-69
	android:name
		ADDED from src\main\AndroidManifest.xml:138:25-66
activity#com.google.zxing.client.android.book.SearchBookContentsActivity
ADDED from src\main\AndroidManifest.xml:149:9-159:20
	android:screenOrientation
		ADDED from src\main\AndroidManifest.xml:153:13-56
	android:stateNotNeeded
		ADDED from src\main\AndroidManifest.xml:154:13-42
	android:label
		ADDED from src\main\AndroidManifest.xml:152:13-45
	android:configChanges
		ADDED from src\main\AndroidManifest.xml:151:13-63
	android:name
		ADDED from src\main\AndroidManifest.xml:150:13-60
intent-filter#android.intent.category.DEFAULT+com.google.zxing.client.android.SEARCH_BOOK_CONTENTS
ADDED from src\main\AndroidManifest.xml:155:13-158:29
action#com.google.zxing.client.android.SEARCH_BOOK_CONTENTS
ADDED from src\main\AndroidManifest.xml:156:17-95
	android:name
		ADDED from src\main\AndroidManifest.xml:156:25-92
activity#com.google.zxing.client.android.share.ShareActivity
ADDED from src\main\AndroidManifest.xml:160:9-168:20
	android:screenOrientation
		ADDED from src\main\AndroidManifest.xml:162:13-45
	android:stateNotNeeded
		ADDED from src\main\AndroidManifest.xml:163:13-42
	android:name
		ADDED from src\main\AndroidManifest.xml:161:13-48
intent-filter#android.intent.category.DEFAULT+com.google.zxing.client.android.SHARE
ADDED from src\main\AndroidManifest.xml:164:13-167:29
action#com.google.zxing.client.android.SHARE
ADDED from src\main\AndroidManifest.xml:165:17-80
	android:name
		ADDED from src\main\AndroidManifest.xml:165:25-77
activity#com.google.zxing.client.android.history.HistoryActivity
ADDED from src\main\AndroidManifest.xml:169:9-172:45
	android:stateNotNeeded
		ADDED from src\main\AndroidManifest.xml:172:13-42
	android:label
		ADDED from src\main\AndroidManifest.xml:171:13-50
	android:name
		ADDED from src\main\AndroidManifest.xml:170:13-52
activity#com.google.zxing.client.android.share.BookmarkPickerActivity
ADDED from src\main\AndroidManifest.xml:173:9-176:45
	android:stateNotNeeded
		ADDED from src\main\AndroidManifest.xml:176:13-42
	android:label
		ADDED from src\main\AndroidManifest.xml:175:13-57
	android:name
		ADDED from src\main\AndroidManifest.xml:174:13-57
activity#com.google.zxing.client.android.share.AppPickerActivity
ADDED from src\main\AndroidManifest.xml:177:9-180:45
	android:stateNotNeeded
		ADDED from src\main\AndroidManifest.xml:180:13-42
	android:label
		ADDED from src\main\AndroidManifest.xml:179:13-52
	android:name
		ADDED from src\main\AndroidManifest.xml:178:13-52
activity#com.google.zxing.client.android.HelpActivity
ADDED from src\main\AndroidManifest.xml:181:9-185:45
	android:screenOrientation
		ADDED from src\main\AndroidManifest.xml:184:13-45
	android:stateNotNeeded
		ADDED from src\main\AndroidManifest.xml:185:13-42
	android:label
		ADDED from src\main\AndroidManifest.xml:183:13-46
	android:name
		ADDED from src\main\AndroidManifest.xml:182:13-41
uses-sdk
INJECTED from src\main\AndroidManifest.xml reason: use-sdk injection requested
INJECTED from src\main\AndroidManifest.xml
INJECTED from src\main\AndroidManifest.xml
INJECTED from src\main\AndroidManifest.xml
INJECTED from src\main\AndroidManifest.xml
	android:targetSdkVersion
		INJECTED from src\main\AndroidManifest.xml
		ADDED from src\main\AndroidManifest.xml
		INJECTED from src\main\AndroidManifest.xml
	android:minSdkVersion
		INJECTED from src\main\AndroidManifest.xml
		ADDED from src\main\AndroidManifest.xml
		INJECTED from src\main\AndroidManifest.xml